Arguments: 
  C:\Program Files\nodejs\node.exe C:\Users\Lucky\AppData\Roaming\npm\node_modules\yarn\bin\yarn.js add lodash.findLastIndex

PATH: 
  F:\Program Files\ImageMagick-7.0.10-Q16-HDRI;C:\Python27\;C:\Python27\Scripts;C:\Program Files (x86)\Common Files\Oracle\Java\javapath;C:\Program Files (x86)\Intel\Intel(R) Management Engine Components\iCLS\;C:\Program Files\Intel\Intel(R) Management Engine Components\iCLS\;C:\Windows\system32;C:\Windows;C:\Windows\System32\Wbem;C:\Windows\System32\WindowsPowerShell\v1.0\;C:\Program Files (x86)\Intel\Intel(R) Management Engine Components\DAL;C:\Program Files\Intel\Intel(R) Management Engine Components\DAL;C:\Program Files (x86)\Intel\Intel(R) Management Engine Components\IPT;C:\Program Files\Intel\Intel(R) Management Engine Components\IPT;C:\Program Files (x86)\NVIDIA Corporation\PhysX\Common;C:\Program Files\Intel\WiFi\bin\;C:\Program Files\Common Files\Intel\WirelessCommon\;C:\WINDOWS\system32;C:\WINDOWS;C:\WINDOWS\System32\Wbem;C:\WINDOWS\System32\WindowsPowerShell\v1.0\;C:\WINDOWS\System32\OpenSSH\;C:\Program Files\Java\jdk1.8.0_191\bin;C:\ProgramData\chocolatey\bin;C:\Users\Lucky\AppData\Roaming\nvm;C:\Program Files\nodejs;C:\Program Files\PuTTY\;C:\Program Files\NVIDIA Corporation\NVIDIA NvDLISR;C:\WINDOWS\system32;C:\WINDOWS;C:\WINDOWS\System32\Wbem;C:\WINDOWS\System32\WindowsPowerShell\v1.0\;C:\WINDOWS\System32\OpenSSH\;C:\Program Files\AdoptOpenJDK\jdk8u192-b12\bin;C:\Program Files\Java\jdk1.8.0_211\bin;C:\Android\android-sdk\tools;C:\Android\android-sdk\platform-tools;C:\Android\android-sdk\tools\bin;C:\Program Files\Docker\Docker\resources\bin;C:\ProgramData\DockerDesktop\version-bin;C:\Users\Lucky\AppData\Roaming\nvm\v14.5.0;C:\Program Files\nodejs\node_modules\npm\bin;C:\Program Files\nodejs\;C:\Users\Lucky\AppData\Local\Microsoft\WindowsApps;C:\Program Files\Intel\WiFi\bin\;C:\Program Files\Common Files\Intel\WirelessCommon\;C:\Users\Lucky\AppData\Local\Programs\Microsoft VS Code\bin;C:\Program Files\heroku\bin;E:\Program Files\PostgreSQL\11\bin\;C:\Program Files\MySQL\MySQL Server 8.0\bin;C:\Program Files\Apache\Maven\bin;C:\Program Files\JetBrains\IntelliJ IDEA 2019.2.3\bin;;C:\Users\Lucky\AppData\Roaming\nvm;C:\Program Files\nodejs;C:\Program Files\JetBrains\WebStorm 2020.1\bin;;C:\Users\Lucky\AppData\Roaming\npm

Yarn version: 
  1.22.4

Node version: 
  14.16.0

Platform: 
  win32 x64

Trace: 
  Error: https://registry.yarnpkg.com/lodash.findLastIndex: Not found
      at Request.params.callback [as _callback] (C:\Users\Lucky\AppData\Roaming\npm\node_modules\yarn\lib\cli.js:66987:18)
      at Request.self.callback (C:\Users\Lucky\AppData\Roaming\npm\node_modules\yarn\lib\cli.js:140748:22)
      at Request.emit (events.js:315:20)
      at Request.<anonymous> (C:\Users\Lucky\AppData\Roaming\npm\node_modules\yarn\lib\cli.js:141720:10)
      at Request.emit (events.js:315:20)
      at IncomingMessage.<anonymous> (C:\Users\Lucky\AppData\Roaming\npm\node_modules\yarn\lib\cli.js:141642:12)
      at Object.onceWrapper (events.js:421:28)
      at IncomingMessage.emit (events.js:327:22)
      at endReadableNT (internal/streams/readable.js:1327:12)
      at processTicksAndRejections (internal/process/task_queues.js:80:21)

npm manifest: 
  No manifest

yarn manifest: 
  No manifest

Lockfile: 
  No lockfile
